2016-12-05 09:39:43,094 - [Stevie Hunter] modules [], plugins [], sites []
 2016-12-05 09:40:33,402 - [Gigantus] modules [], plugins [], sites []
 2016-12-05 09:50:53,279 - [Maxwell Dillon] modules [], plugins [], sites []
 2016-12-05 10:07:54,295 - [Sultan] modules [], plugins [], sites []
 2016-12-05 10:43:06,909 - [Gabe Jones] modules [], plugins [], sites []
 2016-12-05 10:45:00,237 - [Max] modules [], plugins [], sites []
 2016-12-05 10:48:56,918 - [Boomer] modules [], plugins [], sites []
 2016-12-05 14:06:17,480 - [Chan Luichow] modules [], plugins [], sites []
 2016-12-05 14:09:06,255 - [Joey Bailey] modules [], plugins [], sites []
 2016-12-05 14:10:20,215 - [Doctor Spectrum] modules [], plugins [], sites []
 2016-12-05 14:14:07,898 - [Amphibion] modules [], plugins [], sites []
 2016-12-05 14:15:05,839 - [Junta] modules [], plugins [], sites []
 2016-12-05 14:16:31,820 - [Cornelius van Lunt] modules [], plugins [], sites []
 2016-12-05 14:16:53,705 - [Mauvais] modules [], plugins [], sites []
 2016-12-05 14:18:50,924 - [Maggott] modules [], plugins [], sites []
 2016-12-05 14:21:20,698 - [Scarecrow II] modules [], plugins [], sites []
 2016-12-05 14:22:22,332 - [Gorilla Girl] modules [], plugins [], sites []
 2016-12-05 14:36:13,200 - [Bloodaxe] modules [], plugins [], sites []
 2016-12-05 14:37:58,634 - [Ectokid] modules [], plugins [], sites []
 2016-12-05 15:12:58,524 - [Greer Grant] modules [], plugins [], sites []
 2016-12-05 15:21:13,675 - [X-Cutioner] modules [], plugins [], sites []
 2016-12-05 15:21:45,010 - [Infant Terrible] modules [], plugins [], sites []
 2016-12-05 15:31:57,601 - [Brothers Grimm] modules [], plugins [], sites []
 2016-12-05 15:34:26,823 - [Firebolt] modules [], plugins [], sites []
 2016-12-05 15:37:27,672 - [Lunatica] modules [], plugins [], sites []
 2016-12-05 16:29:06,323 - [Halflife] modules [], plugins [], sites []
 2016-12-05 17:32:40,327 - [Bloodwraith] modules [], plugins [], sites []
 2016-12-05 17:38:46,526 - [Gloom] modules [], plugins [], sites []
 